Flow report for AlarmClock
Thu Aug 15 23:48:20 2024
Quartus Prime Version 18.1.0 Build 625 09/12/2018 SJ Lite Edition


---------------------
; Table of Contents ;
---------------------
  1. Legal Notice
  2. Flow Summary
  3. Flow Settings
  4. Flow Non-Default Global Settings
  5. Flow Elapsed Time
  6. Flow OS Summary
  7. Flow Log
  8. Flow Messages
  9. Flow Suppressed Messages



----------------
; Legal Notice ;
----------------
Copyright (C) 2018  Intel Corporation. All rights reserved.
Your use of Intel Corporation's design tools, logic functions 
and other software and tools, and its AMPP partner logic 
functions, and any output files from any of the foregoing 
(including device programming or simulation files), and any 
associated documentation or information are expressly subject 
to the terms and conditions of the Intel Program License 
Subscription Agreement, the Intel Quartus Prime License Agreement,
the Intel FPGA IP License Agreement, or other applicable license
agreement, including, without limitation, that your use is for
the sole purpose of programming logic devices manufactured by
Intel and sold by Intel or its authorized distributors.  Please
refer to the applicable agreement for further details.



+-------------------------------------------------------------------------------+
; Flow Summary                                                                  ;
+---------------------------------+---------------------------------------------+
; Flow Status                     ; Successful - Thu Aug 15 23:48:20 2024       ;
; Quartus Prime Version           ; 18.1.0 Build 625 09/12/2018 SJ Lite Edition ;
; Revision Name                   ; AlarmClock                                  ;
; Top-level Entity Name           ; AlarmClockHDL_inst                          ;
; Family                          ; Cyclone V                                   ;
; Device                          ; 5CSEMA5F31C6                                ;
; Timing Models                   ; Final                                       ;
; Logic utilization (in ALMs)     ; 917 / 32,070 ( 3 % )                        ;
; Total registers                 ; 1210                                        ;
; Total pins                      ; 37 / 457 ( 8 % )                            ;
; Total virtual pins              ; 0                                           ;
; Total block memory bits         ; 338,944 / 4,065,280 ( 8 % )                 ;
; Total DSP Blocks                ; 0 / 87 ( 0 % )                              ;
; Total HSSI RX PCSs              ; 0                                           ;
; Total HSSI PMA RX Deserializers ; 0                                           ;
; Total HSSI TX PCSs              ; 0                                           ;
; Total HSSI PMA TX Serializers   ; 0                                           ;
; Total PLLs                      ; 0 / 6 ( 0 % )                               ;
; Total DLLs                      ; 0 / 4 ( 0 % )                               ;
+---------------------------------+---------------------------------------------+


+-----------------------------------------+
; Flow Settings                           ;
+-------------------+---------------------+
; Option            ; Setting             ;
+-------------------+---------------------+
; Start date & time ; 08/15/2024 23:45:26 ;
; Main task         ; Compilation         ;
; Revision Name     ; AlarmClock          ;
+-------------------+---------------------+


+-------------------------------------------------------------------------------------------------------------------------------------------------------------+
; Flow Non-Default Global Settings                                                                                                                            ;
+-------------------------------------+-----------------------------------------------------------------+---------------+--------------------+----------------+
; Assignment Name                     ; Value                                                           ; Default Value ; Entity Name        ; Section Id     ;
+-------------------------------------+-----------------------------------------------------------------+---------------+--------------------+----------------+
; COMPILER_SIGNATURE_ID               ; 167300355669801.172378712609908                                 ; --            ; --                 ; --             ;
; EDA_OUTPUT_DATA_FORMAT              ; Verilog Hdl                                                     ; --            ; --                 ; eda_simulation ;
; EDA_SIMULATION_TOOL                 ; ModelSim (Verilog)                                              ; <None>        ; --                 ; --             ;
; EDA_TIME_SCALE                      ; 1 ps                                                            ; --            ; --                 ; eda_simulation ;
; MAX_CORE_JUNCTION_TEMP              ; 85                                                              ; --            ; --                 ; --             ;
; MIN_CORE_JUNCTION_TEMP              ; 0                                                               ; --            ; --                 ; --             ;
; MISC_FILE                           ; AlarmClockHDL/synthesis/../AlarmClockHDL.cmp                    ; --            ; --                 ; --             ;
; MISC_FILE                           ; AlarmClockHDL/synthesis/../../AlarmClockHDL.qsys                ; --            ; --                 ; --             ;
; PARTITION_COLOR                     ; -- (Not supported for targeted family)                          ; --            ; AlarmClockHDL_inst ; Top            ;
; PARTITION_FITTER_PRESERVATION_LEVEL ; -- (Not supported for targeted family)                          ; --            ; AlarmClockHDL_inst ; Top            ;
; PARTITION_NETLIST_TYPE              ; -- (Not supported for targeted family)                          ; --            ; AlarmClockHDL_inst ; Top            ;
; POWER_BOARD_THERMAL_MODEL           ; None (CONSERVATIVE)                                             ; --            ; --                 ; --             ;
; POWER_PRESET_COOLING_SOLUTION       ; 23 MM HEAT SINK WITH 200 LFPM AIRFLOW                           ; --            ; --                 ; --             ;
; PROJECT_OUTPUT_DIRECTORY            ; output_files                                                    ; --            ; --                 ; --             ;
; SLD_FILE                            ; AlarmClockHDL/synthesis/AlarmClockHDL.regmap                    ; --            ; --                 ; --             ;
; SLD_FILE                            ; AlarmClockHDL/synthesis/AlarmClockHDL.debuginfo                 ; --            ; --                 ; --             ;
; SLD_INFO                            ; QSYS_NAME AlarmClockHDL HAS_SOPCINFO 1 GENERATION_ID 1723786779 ; --            ; AlarmClockHDL      ; --             ;
; SOPCINFO_FILE                       ; AlarmClockHDL/synthesis/../../AlarmClockHDL.sopcinfo            ; --            ; --                 ; --             ;
; SYNTHESIS_ONLY_QIP                  ; On                                                              ; --            ; --                 ; --             ;
; TOP_LEVEL_ENTITY                    ; AlarmClockHDL_inst                                              ; AlarmClock    ; --                 ; --             ;
+-------------------------------------+-----------------------------------------------------------------+---------------+--------------------+----------------+


+--------------------------------------------------------------------------------------------------------------------------+
; Flow Elapsed Time                                                                                                        ;
+----------------------+--------------+-------------------------+---------------------+------------------------------------+
; Module Name          ; Elapsed Time ; Average Processors Used ; Peak Virtual Memory ; Total CPU Time (on all processors) ;
+----------------------+--------------+-------------------------+---------------------+------------------------------------+
; Analysis & Synthesis ; 00:01:06     ; 1.0                     ; 5016 MB             ; 00:01:34                           ;
; Fitter               ; 00:01:19     ; 1.1                     ; 6804 MB             ; 00:04:08                           ;
; Assembler            ; 00:00:10     ; 1.0                     ; 4871 MB             ; 00:00:07                           ;
; Timing Analyzer      ; 00:00:08     ; 1.9                     ; 5225 MB             ; 00:00:14                           ;
; EDA Netlist Writer   ; 00:00:03     ; 1.0                     ; 4783 MB             ; 00:00:03                           ;
; Total                ; 00:02:46     ; --                      ; --                  ; 00:06:06                           ;
+----------------------+--------------+-------------------------+---------------------+------------------------------------+


+------------------------------------------------------------------------------------+
; Flow OS Summary                                                                    ;
+----------------------+------------------+------------+------------+----------------+
; Module Name          ; Machine Hostname ; OS Name    ; OS Version ; Processor type ;
+----------------------+------------------+------------+------------+----------------+
; Analysis & Synthesis ; Elena            ; Windows 10 ; 10.0       ; x86_64         ;
; Fitter               ; Elena            ; Windows 10 ; 10.0       ; x86_64         ;
; Assembler            ; Elena            ; Windows 10 ; 10.0       ; x86_64         ;
; Timing Analyzer      ; Elena            ; Windows 10 ; 10.0       ; x86_64         ;
; EDA Netlist Writer   ; Elena            ; Windows 10 ; 10.0       ; x86_64         ;
+----------------------+------------------+------------+------------+----------------+


------------
; Flow Log ;
------------
quartus_map --read_settings_files=on --write_settings_files=off AlarmClock -c AlarmClock
quartus_fit --read_settings_files=off --write_settings_files=off AlarmClock -c AlarmClock
quartus_asm --read_settings_files=off --write_settings_files=off AlarmClock -c AlarmClock
quartus_sta AlarmClock -c AlarmClock
quartus_eda --read_settings_files=off --write_settings_files=off AlarmClock -c AlarmClock



